<?xml version="1.0" encoding="UTF-8"?>
<!-- Generated by org.testng.reporters.JUnitXMLReporter -->
<testsuite ignored="0" hostname="DESKTOP-75EDE39" failures="1" tests="2" name="TestNG(failed)" time="9.775" errors="0" timestamp="2024-05-06T20:50:34 COT">
  <testcase classname="testCases.TC_001_AccountRegistrationTest" name="verifyAccountRegistration" time="1.739">
    <failure type="java.lang.AssertionError" message="null">
      <![CDATA[java.lang.AssertionError: null
at testCases.TC_001_AccountRegistrationTest.verifyAccountRegistration(TC_001_AccountRegistrationTest.java:43)
at java.base/java.util.ArrayList.forEach(ArrayList.java:1541)
... Removed 29 stack frames]]>
    </failure>
  </testcase> <!-- verifyAccountRegistration -->
  <testcase classname="testCases.TC_002_LoginTest" name="verifyLogin" time="1.106"/>
</testsuite> <!-- TestNG(failed) -->
