<?xml version="1.0" encoding="UTF-8"?>
<testsuite xmlns:xsi="http://www.w3.org/2001/XMLSchema-instance" xsi:noNamespaceSchemaLocation="https://maven.apache.org/surefire/maven-surefire-plugin/xsd/surefire-test-report-3.0.xsd" version="3.0" name="TestSuite" time="117.648" tests="10" errors="0" skipped="0" failures="1">
  <properties>
[...]
</properties>
  <testcase name="verifyAccountRegistration" classname="testCases.TC_001_AccountRegistrationTest" time="1.572">
    <system-out><![CDATA[14:21:12.515 [main] INFO  testCases.TC_001_AccountRegistrationTest - **** Running in local platform...
14:21:13.029 [main] INFO  testCases.TC_001_AccountRegistrationTest - ****> Starting TC 001 AccountRegistrationTest <****
14:21:13.118 [main] INFO  testCases.TC_001_AccountRegistrationTest - Clicked on my account link
14:21:13.545 [main] INFO  testCases.TC_001_AccountRegistrationTest - Clicked on registration link
14:21:13.545 [main] INFO  testCases.TC_001_AccountRegistrationTest - Entering customer information
14:21:14.106 [main] INFO  testCases.TC_001_AccountRegistrationTest - Clicked on continue
14:21:14.106 [main] INFO  testCases.TC_001_AccountRegistrationTest - Validating expected message...
14:21:14.584 [main] INFO  testCases.TC_001_AccountRegistrationTest - Test passed...
14:21:14.587 [main] INFO  testCases.TC_001_AccountRegistrationTest - <**** Finished TC 001 AccountRegistrationTest ****>
]]></system-out>
    <system-err><![CDATA[SLF4J: Failed to load class "org.slf4j.impl.StaticLoggerBinder".
SLF4J: Defaulting to no-operation (NOP) logger implementation
SLF4J: See http://www.slf4j.org/codes.html#StaticLoggerBinder for further details.
]]></system-err>
  </testcase>
  <testcase name="verifyLogin" classname="testCases.TC_002_LoginTest" time="0.993">
    <system-out><![CDATA[14:21:15.471 [main] INFO  testCases.TC_002_LoginTest - **** Running in local platform...
14:21:15.934 [main] INFO  testCases.TC_002_LoginTest - ****> Starting TC_002_LoginTest <****
14:21:16.000 [main] INFO  testCases.TC_002_LoginTest - Clicked on my account link on the home page
14:21:16.368 [main] INFO  testCases.TC_002_LoginTest - Clicked on login under my account
14:21:16.370 [main] INFO  testCases.TC_002_LoginTest - Entering valid email and password
14:21:16.587 [main] INFO  testCases.TC_002_LoginTest - Clicked login button
14:21:16.925 [main] INFO  testCases.TC_002_LoginTest - Login test passed
14:21:16.925 [main] INFO  testCases.TC_002_LoginTest - <**** Finished TC_002_LoginTest ****>
]]></system-out>
  </testcase>
  <testcase name="verifyLoginDDT[isc.21@hotmail.com, 123456, Valid](1)" classname="testCases.TC_003_LoginDDT" time="3.298">
    <system-out><![CDATA[14:21:17.725 [main] INFO  testCases.TC_003_LoginDDT - **** Running in local platform...
>>> Ejecutando lÃ­neas [2, 3, 4, 5, 6]
14:21:19.090 [main] INFO  testCases.TC_003_LoginDDT - ****> Starting TC_003_LoginDDT <****
14:21:19.466 [main] INFO  testCases.TC_003_LoginDDT - Entering valid email and password
14:21:19.701 [main] INFO  testCases.TC_003_LoginDDT - Clicked login button
14:21:22.074 [main] INFO  testCases.TC_003_LoginDDT - Login Valid test passed
14:21:22.386 [main] INFO  testCases.TC_003_LoginDDT - <**** Finished TC_003_LoginDDT ****>
]]></system-out>
  </testcase>
  <testcase name="verifyLoginDDT[papa@hotmail.com, spsdk45, Invalid](2)" classname="testCases.TC_003_LoginDDT" time="12.569">
    <system-out><![CDATA[14:21:22.388 [main] INFO  testCases.TC_003_LoginDDT - ****> Starting TC_003_LoginDDT <****
14:21:22.682 [main] INFO  testCases.TC_003_LoginDDT - Entering valid email and password
14:21:22.872 [main] INFO  testCases.TC_003_LoginDDT - Clicked login button
14:21:34.956 [main] INFO  testCases.TC_003_LoginDDT - Login invalid test passed
14:21:34.956 [main] INFO  testCases.TC_003_LoginDDT - <**** Finished TC_003_LoginDDT ****>
]]></system-out>
  </testcase>
  <testcase name="verifyLoginDDT[lastmail@gmail.com, 123456, Invalid](3)" classname="testCases.TC_003_LoginDDT" time="12.564">
    <system-out><![CDATA[14:21:34.957 [main] INFO  testCases.TC_003_LoginDDT - ****> Starting TC_003_LoginDDT <****
14:21:35.265 [main] INFO  testCases.TC_003_LoginDDT - Entering valid email and password
14:21:35.447 [main] INFO  testCases.TC_003_LoginDDT - Clicked login button
14:21:47.520 [main] INFO  testCases.TC_003_LoginDDT - Login invalid test passed
14:21:47.520 [main] INFO  testCases.TC_003_LoginDDT - <**** Finished TC_003_LoginDDT ****>
]]></system-out>
  </testcase>
  <testcase name="verifyLoginDDT[giamencger@yahoo.com, pomnge4, Invalid](4)" classname="testCases.TC_003_LoginDDT" time="12.597">
    <system-out><![CDATA[14:21:47.521 [main] INFO  testCases.TC_003_LoginDDT - ****> Starting TC_003_LoginDDT <****
14:21:47.898 [main] INFO  testCases.TC_003_LoginDDT - Entering valid email and password
14:21:48.084 [main] INFO  testCases.TC_003_LoginDDT - Clicked login button
14:22:00.117 [main] INFO  testCases.TC_003_LoginDDT - Login invalid test passed
14:22:00.117 [main] INFO  testCases.TC_003_LoginDDT - <**** Finished TC_003_LoginDDT ****>
]]></system-out>
  </testcase>
  <testcase name="verifyLoginDDT[abc4321@emailfake.com, 12345, Valid](5)" classname="testCases.TC_003_LoginDDT" time="12.689">
    <failure message="expected [true] but found [false]" type="java.lang.AssertionError"><![CDATA[java.lang.AssertionError: expected [true] but found [false]
	at org.testng.Assert.fail(Assert.java:111)
	at org.testng.Assert.failNotEquals(Assert.java:1578)
	at org.testng.Assert.assertTrue(Assert.java:57)
	at org.testng.Assert.assertTrue(Assert.java:67)
	at testCases.TC_003_LoginDDT.verifyLoginDDT(TC_003_LoginDDT.java:45)
	at java.base/jdk.internal.reflect.NativeMethodAccessorImpl.invoke0(Native Method)
	at java.base/jdk.internal.reflect.NativeMethodAccessorImpl.invoke(NativeMethodAccessorImpl.java:62)
	at java.base/jdk.internal.reflect.DelegatingMethodAccessorImpl.invoke(DelegatingMethodAccessorImpl.java:43)
	at java.base/java.lang.reflect.Method.invoke(Method.java:566)
	at org.testng.internal.invokers.MethodInvocationHelper.invokeMethod(MethodInvocationHelper.java:139)
	at org.testng.internal.invokers.TestInvoker.invokeMethod(TestInvoker.java:664)
	at org.testng.internal.invokers.TestInvoker.invokeTestMethod(TestInvoker.java:228)
	at org.testng.internal.invokers.MethodRunner.runInSequence(MethodRunner.java:63)
	at org.testng.internal.invokers.TestInvoker$MethodInvocationAgent.invoke(TestInvoker.java:961)
	at org.testng.internal.invokers.TestInvoker.invokeTestMethods(TestInvoker.java:201)
	at org.testng.internal.invokers.TestMethodWorker.invokeTestMethods(TestMethodWorker.java:148)
	at org.testng.internal.invokers.TestMethodWorker.run(TestMethodWorker.java:128)
	at java.base/java.util.ArrayList.forEach(ArrayList.java:1541)
	at org.testng.TestRunner.privateRun(TestRunner.java:819)
	at org.testng.TestRunner.run(TestRunner.java:619)
	at org.testng.SuiteRunner.runTest(SuiteRunner.java:443)
	at org.testng.SuiteRunner.runSequentially(SuiteRunner.java:437)
	at org.testng.SuiteRunner.privateRun(SuiteRunner.java:397)
	at org.testng.SuiteRunner.run(SuiteRunner.java:336)
	at org.testng.SuiteRunnerWorker.runSuite(SuiteRunnerWorker.java:52)
	at org.testng.SuiteRunnerWorker.run(SuiteRunnerWorker.java:95)
	at org.testng.TestNG.runSuitesSequentially(TestNG.java:1301)
	at org.testng.TestNG.runSuitesLocally(TestNG.java:1228)
	at org.testng.TestNG.runSuites(TestNG.java:1134)
	at org.testng.TestNG.run(TestNG.java:1101)
	at org.apache.maven.surefire.testng.TestNGExecutor.run(TestNGExecutor.java:308)
	at org.apache.maven.surefire.testng.TestNGXmlTestSuite.execute(TestNGXmlTestSuite.java:71)
	at org.apache.maven.surefire.testng.TestNGProvider.invoke(TestNGProvider.java:113)
	at org.apache.maven.surefire.booter.ForkedBooter.runSuitesInProcess(ForkedBooter.java:385)
	at org.apache.maven.surefire.booter.ForkedBooter.execute(ForkedBooter.java:162)
	at org.apache.maven.surefire.booter.ForkedBooter.run(ForkedBooter.java:507)
	at org.apache.maven.surefire.booter.ForkedBooter.main(ForkedBooter.java:495)
]]></failure>
    <system-out><![CDATA[14:22:00.118 [main] INFO  testCases.TC_003_LoginDDT - ****> Starting TC_003_LoginDDT <****
14:22:00.412 [main] INFO  testCases.TC_003_LoginDDT - Entering valid email and password
14:22:00.604 [main] INFO  testCases.TC_003_LoginDDT - Clicked login button
14:22:12.673 [main] ERROR testCases.TC_003_LoginDDT - Login Valid test failed
14:22:12.679 [main] INFO  testCases.TC_003_LoginDDT - <**** Finished TC_003_LoginDDT ****>
]]></system-out>
  </testcase>
  <testcase name="verifyPropductSearch" classname="testCases.TC_004_SearchProductTest" time="0.929">
    <system-out><![CDATA[14:22:14.199 [main] INFO  testCases.TC_004_SearchProductTest - **** Running in local platform...
14:22:14.662 [main] INFO  testCases.TC_004_SearchProductTest - ****> Starting TC_004_SearchProductTest <****
14:22:15.532 [main] INFO  testCases.TC_004_SearchProductTest - The searched product: mac
14:22:15.590 [main] INFO  testCases.TC_004_SearchProductTest - The product MacBook has been found
14:22:15.590 [main] INFO  testCases.TC_004_SearchProductTest - <**** Finished TC_004_SearchProductTest ****>
]]></system-out>
  </testcase>
  <testcase name="verifyAddToCart" classname="testCases.TC_005_AddToCartPageTest" time="1.498">
    <system-out><![CDATA[14:22:16.405 [main] INFO  testCases.TC_005_AddToCartPageTest - **** Running in local platform...
14:22:16.822 [main] INFO  testCases.TC_005_AddToCartPageTest - ****> Starting TC_005_AddToCartPageTest <****
14:22:17.694 [main] INFO  testCases.TC_005_AddToCartPageTest - The searched product: iPhone
14:22:18.087 [main] INFO  testCases.TC_005_AddToCartPageTest - The product iPhone had been selected
14:22:18.230 [main] INFO  testCases.TC_005_AddToCartPageTest - quantity 2 of the iPhone product has been selected
14:22:18.321 [main] INFO  testCases.TC_005_AddToCartPageTest - The product iPhone has been selected
14:22:18.321 [main] INFO  testCases.TC_005_AddToCartPageTest - <**** Finished TC_004_SearchProductTest ****>
]]></system-out>
  </testcase>
  <testcase name="endToendTest" classname="testCases.TC_006_EndToEndTest" time="47.127">
    <system-out><![CDATA[14:22:19.113 [main] INFO  testCases.TC_006_EndToEndTest - **** Running in local platform...
14:22:19.527 [main] INFO  testCases.TC_006_EndToEndTest - ****> Starting TC_006_EndToEndTest <****
Clicked on registration link
Entering customer information
Clicked on continue
Registration passed...
14:22:30.831 [main] INFO  testCases.TC_006_EndToEndTest - Has been successfully registered
Clicked on login under my account
Entering valid email and password
Clicked login button
Login passed
14:22:41.417 [main] INFO  testCases.TC_006_EndToEndTest - Has been loged correctly
The searched product: iPhone
Quantity 1 of the iPhone product has been added
The product iPhone has been selected
14:22:45.120 [main] INFO  testCases.TC_006_EndToEndTest - The product has been found
14:22:46.854 [main] INFO  testCases.TC_006_EndToEndTest - Total price in shopping cart: $123.20
Add a new address
14:22:52.712 [main] INFO  testCases.TC_006_EndToEndTest - You have added new address
14:22:59.138 [main] INFO  testCases.TC_006_EndToEndTest - You have selected Shipping and Payment method.
14:22:59.230 [main] INFO  testCases.TC_006_EndToEndTest - Total price in your order: $106.00
14:23:06.302 [main] INFO  testCases.TC_006_EndToEndTest - Your order has been confirmed!
]]></system-out>
  </testcase>
</testsuite>